{
  "stats": {
    "suites": 3,
    "tests": 3,
    "passes": 3,
    "pending": 0,
    "failures": 0,
    "start": "2022-05-05T20:34:05.685Z",
    "end": "2022-05-05T20:34:54.861Z",
    "duration": 49176,
    "testsRegistered": 3,
    "passPercent": 100,
    "pendingPercent": 0,
    "other": 0,
    "hasOther": false,
    "skipped": 0,
    "hasSkipped": false
  },
  "results": [
    {
      "uuid": "65b4e5e1-5261-4161-af86-24fa435809d2",
      "title": "",
      "fullFile": "cypress/integration/LoginTest.js",
      "file": "cypress/integration/LoginTest.js",
      "beforeHooks": [],
      "afterHooks": [],
      "tests": [],
      "suites": [
        {
          "uuid": "7d52ef8d-8aff-4a85-bc4f-b51565ef4247",
          "title": "login page",
          "fullFile": "",
          "file": "",
          "beforeHooks": [],
          "afterHooks": [],
          "tests": [],
          "suites": [
            {
              "uuid": "c553dc87-3cd0-4240-af42-fbfa28a96cc9",
              "title": "Login validation fields",
              "fullFile": "",
              "file": "",
              "beforeHooks": [],
              "afterHooks": [],
              "tests": [
                {
                  "title": "PHP-101 - Navigate to the login page and make sure all required elements are visible",
                  "fullTitle": "login page Login validation fields PHP-101 - Navigate to the login page and make sure all required elements are visible",
                  "timedOut": null,
                  "duration": 5888,
                  "state": "passed",
                  "speed": "medium",
                  "pass": true,
                  "fail": false,
                  "pending": false,
                  "context": null,
                  "code": "//Making sure all login page elements are visible\ncy.get(\"#cookie_stop\").click();\ncy.get(\"@emailInput\").should(\"be.visible\").type(\"A\", {\n  force: true\n});\ncy.get(\"@passwordInput\").should(\"be.visible\").type(\"A\", {\n  force: true\n});\ncy.url().should(\"contain\", \"/login\");\ncy.get(\"@remember\").should(\"exist\");\ncy.get(\".font-size-14\").should(\"contain\", \"Please enter your account credentials below\");\ncy.get(\"@forgotPassword\").should(\"be.visible\");\ncy.screenshot({\n  overwrite: true,\n  capture: \"runner\",\n  path: \"/Sanel/Desktop/FlightsPage.js/screenshots/Login1.png\"\n}\n/*         \"./actions/login/Login\"\n */\n);\n/*  cy.contains(\"Remember me?\").should(\"be.visible\");\ncy.get(\"@loginSubmit\").should(\"be.visible\");\ncy.get(\"@registerAccount\").should(\"be.visible\"); */",
                  "err": {},
                  "uuid": "d0fc4340-7fcc-401c-9ab3-c2d920298ca8",
                  "parentUUID": "c553dc87-3cd0-4240-af42-fbfa28a96cc9",
                  "isHook": false,
                  "skipped": false
                }
              ],
              "suites": [],
              "passes": [
                "d0fc4340-7fcc-401c-9ab3-c2d920298ca8"
              ],
              "failures": [],
              "pending": [],
              "skipped": [],
              "duration": 5888,
              "root": false,
              "rootEmpty": false,
              "_timeout": 2000
            },
            {
              "uuid": "d2e49760-dec1-4fe7-8b8b-e1442006bcaf",
              "title": "Login options",
              "fullFile": "",
              "file": "",
              "beforeHooks": [],
              "afterHooks": [],
              "tests": [
                {
                  "title": "PHP-102 - Login with valid username and password",
                  "fullTitle": "login page Login options PHP-102 - Login with valid username and password",
                  "timedOut": null,
                  "duration": 11193,
                  "state": "passed",
                  "speed": "slow",
                  "pass": true,
                  "fail": false,
                  "pending": false,
                  "context": null,
                  "code": "cy.loginPage(user, password);\ncy.get(\"#cookie_stop\").click(); //cy.get(\"#logOut\").should(\"be.visible\");\ncy.screenshot({\n  overwrite: true,\n  capture: \"runner\",\n  path: \"/Sanel/Desktop/FlightsPage.js/screenshots/Login2.png\"\n}\n/*         \"./actions/login/Login\"\n */\n);\n/*  cy.get(\"p\")\n.contains(\"Logged in. Redirecting you now...\")\n.should(\"be.visible\");\n      cy.url().should(\"contain\", \"/login/failed\");\ncy.url().should(\"contain\", \"/account/dashboard\");\ncy.get(\"#logOut\").should(\"be.visible\"); */",
                  "err": {},
                  "uuid": "763cdcea-f17c-4bfc-b353-532a23b9b636",
                  "parentUUID": "d2e49760-dec1-4fe7-8b8b-e1442006bcaf",
                  "isHook": false,
                  "skipped": false
                },
                {
                  "title": "PHP-103 - Sign Up to a page",
                  "fullTitle": "login page Login options PHP-103 - Sign Up to a page",
                  "timedOut": null,
                  "duration": 29706,
                  "state": "passed",
                  "speed": "slow",
                  "pass": true,
                  "fail": false,
                  "pending": false,
                  "context": null,
                  "code": "cy.loginPage(user, password);\ncy.get(\"#cookie_stop\").click();\ncy.get(\"#fadein > div.container > div > div.modal-content.col.align-self-center > div.modal-body > div > form > div.btn-box.pt-3.pb-4 > div > div > a > span.ladda-label\").click({\n  force: true\n});\ncy.signupPage(firstName, lastName, email, phone, password);\ncy.screenshot({\n  capture: \"runner\",\n  overwrite: true\n}, \"./actions/signup/SignUp\");\ncy.wait(2000);\ncy.get(\"@emailInput\").clear({\n  force: true\n});\ncy.get(\"@passwordInput\").clear({\n  force: true\n});\ncy.wait(2000);\ncy.get(\"@emailInput\").type(email, {\n  force: true\n});\ncy.get(\"@passwordInput\").type(password, {\n  force: true\n});\ncy.clearCookies();\ncy.wait(2000);\ncy.clearCookies();\ncy.get(\"@loginSubmit\").click({\n  force: true\n});\ncy.screenshot({\n  overwrite: true,\n  capture: \"runner\",\n  path: \"/Sanel/Desktop/FlightsPage.js/screenshots/Login3.png\"\n}\n/*         \"./actions/login/Login\"\n */\n);",
                  "err": {},
                  "uuid": "8dd171f9-2d96-4a45-aa02-4d8e27dd99ac",
                  "parentUUID": "d2e49760-dec1-4fe7-8b8b-e1442006bcaf",
                  "isHook": false,
                  "skipped": false
                }
              ],
              "suites": [],
              "passes": [
                "763cdcea-f17c-4bfc-b353-532a23b9b636",
                "8dd171f9-2d96-4a45-aa02-4d8e27dd99ac"
              ],
              "failures": [],
              "pending": [],
              "skipped": [],
              "duration": 40899,
              "root": false,
              "rootEmpty": false,
              "_timeout": 2000
            }
          ],
          "passes": [],
          "failures": [],
          "pending": [],
          "skipped": [],
          "duration": 0,
          "root": false,
          "rootEmpty": false,
          "_timeout": 2000
        }
      ],
      "passes": [],
      "failures": [],
      "pending": [],
      "skipped": [],
      "duration": 0,
      "root": true,
      "rootEmpty": true,
      "_timeout": 2000
    }
  ],
  "meta": {
    "mocha": {
      "version": "7.0.1"
    },
    "mochawesome": {
      "options": {
        "quiet": false,
        "reportFilename": "mochawesome",
        "saveHtml": false,
        "saveJson": true,
        "consoleReporter": "spec",
        "useInlineDiffs": false,
        "code": true
      },
      "version": "7.1.3"
    },
    "marge": {
      "options": {
        "id": "default",
        "reportDir": "cypress/reports/mocha",
        "quite": true,
        "overwrite": false,
        "html": false,
        "json": true
      },
      "version": "6.2.0"
    }
  }
}