{
  "stats": {
    "suites": 3,
    "tests": 3,
    "passes": 2,
    "pending": 0,
    "failures": 1,
    "start": "2022-05-05T20:31:07.103Z",
    "end": "2022-05-05T20:31:32.403Z",
    "duration": 25300,
    "testsRegistered": 3,
    "passPercent": 66.66666666666666,
    "pendingPercent": 0,
    "other": 0,
    "hasOther": false,
    "skipped": 0,
    "hasSkipped": false
  },
  "results": [
    {
      "uuid": "29a0a7ea-ccaa-461e-ab0f-316cfad41fb6",
      "title": "",
      "fullFile": "cypress/integration/FlightsPage.js",
      "file": "cypress/integration/FlightsPage.js",
      "beforeHooks": [],
      "afterHooks": [],
      "tests": [],
      "suites": [
        {
          "uuid": "143500b7-54e5-4bed-a48e-af5949a48fa2",
          "title": "Hotels page",
          "fullFile": "",
          "file": "",
          "beforeHooks": [],
          "afterHooks": [],
          "tests": [],
          "suites": [
            {
              "uuid": "ca7110c2-a30c-4061-8320-0ef4b82327f8",
              "title": "Search for a specific flight",
              "fullFile": "",
              "file": "",
              "beforeHooks": [],
              "afterHooks": [],
              "tests": [
                {
                  "title": "PHP-107 - Searching for a unavailable flight",
                  "fullTitle": "Hotels page Search for a specific flight PHP-107 - Searching for a unavailable flight",
                  "timedOut": null,
                  "duration": 8515,
                  "state": "failed",
                  "speed": null,
                  "pass": false,
                  "fail": true,
                  "pending": false,
                  "context": null,
                  "code": "//Making sure all login page elements are visible\ncy.get(\"#autocomplete\").type(\"Doha\", {\n  force: true\n});\ncy.get(\"#onereturn > div.col-md-6 > div > div:nth-child(1) > div > div > div > div > div:nth-child(1) > div.autocomplete-location\").click({\n  force: true\n});\ncy.get(\"#autocomplete2\").type(\"Sienna\", {\n  force: true\n});\ncy.get(\"#onereturn > div.col-md-6 > div > div:nth-child(2) > div > div.form-group > div > div > div:nth-child(1) > div:nth-child(1) > strong\").click({\n  force: true\n});\ncy.get(\"#flights-search\").click({\n  force: true\n});\ncy.screenshot({\n  overwrite: true,\n  capture: \"runner\"\n}, \"./actions/login/FlightsPage1/1\");",
                  "err": {
                    "message": "Error: The following error originated from your application code, not from Cypress.\n\n  > [MixItUp] An invalid selector or element reference was passed to the mixitup factory function\n\nWhen Cypress detects uncaught errors originating from your application it will automatically fail the current test.\n\nThis behavior is configurable, and you can choose to turn this off by listening to the `uncaught:exception` event.\n\nhttps://on.cypress.io/uncaught-exception-from-application",
                    "estack": "Error: The following error originated from your application code, not from Cypress.\n\n  > [MixItUp] An invalid selector or element reference was passed to the mixitup factory function\n\nWhen Cypress detects uncaught errors originating from your application it will automatically fail the current test.\n\nThis behavior is configurable, and you can choose to turn this off by listening to the `uncaught:exception` event.\n\nhttps://on.cypress.io/uncaught-exception-from-application\n    at e (https://phptravels.net/app/themes/default/assets/js/mixitup.min.js:16:2921)\n    at https://phptravels.net/flights/en/usd/doh/say/oneway/economy/08-05-2022/1/0/0:683:17",
                    "diff": null
                  },
                  "uuid": "7d63c96e-e2eb-40d2-af9b-957835b01d66",
                  "parentUUID": "ca7110c2-a30c-4061-8320-0ef4b82327f8",
                  "isHook": false,
                  "skipped": false
                },
                {
                  "title": "PHP-106 - UI checkout",
                  "fullTitle": "Hotels page Search for a specific flight PHP-106 - UI checkout",
                  "timedOut": null,
                  "duration": 9019,
                  "state": "passed",
                  "speed": "medium",
                  "pass": true,
                  "fail": false,
                  "pending": false,
                  "context": null,
                  "code": "cy.get(\"#new-york > div > div:nth-child(2) > a > div > div > div.col-7 > h6\").click({\n  force: true\n});\ncy.get(\"#flights_1\").click({\n  force: true\n});\ncy.get(\"#data > ul > li:nth-child(1) > div > form > div > div.col-md-10 > div.theme-search-results-item-preview > div.theme-search-results-item-mask-link\").click({\n  force: true\n});\ncy.get(\"#searchResultsItem-0 > div > div.theme-search-results-item-extend-inner > div > div > div > div.col-md-9 > div > ul > li > div.row > div.col-6.flight_desc > p:nth-child(1)\").click({\n  force: true\n});\ncy.screenshot({\n  overwrite: true,\n  capture: \"runner\"\n}, \"./actions/login/FlightsPage2/2\");",
                  "err": {},
                  "uuid": "69e3a969-8ccd-4622-a674-3a4c6213eb22",
                  "parentUUID": "ca7110c2-a30c-4061-8320-0ef4b82327f8",
                  "isHook": false,
                  "skipped": false
                }
              ],
              "suites": [],
              "passes": [
                "69e3a969-8ccd-4622-a674-3a4c6213eb22"
              ],
              "failures": [
                "7d63c96e-e2eb-40d2-af9b-957835b01d66"
              ],
              "pending": [],
              "skipped": [],
              "duration": 17534,
              "root": false,
              "rootEmpty": false,
              "_timeout": 2000
            },
            {
              "uuid": "e82e41f6-bfb4-494a-9bee-60fff9a63e42",
              "title": "Check some additional info",
              "fullFile": "",
              "file": "",
              "beforeHooks": [],
              "afterHooks": [],
              "tests": [
                {
                  "title": "PHP-107 - Sign Up to a page",
                  "fullTitle": "Hotels page Check some additional info PHP-107 - Sign Up to a page",
                  "timedOut": null,
                  "duration": 3905,
                  "state": "passed",
                  "speed": "fast",
                  "pass": true,
                  "fail": false,
                  "pending": false,
                  "context": null,
                  "code": "cy.get(\"@searchButton\").should(\"be.visible\").click({\n  force: true\n});\ncy.get(\"@banner\").children().should(\"have.length\", 9);\ncy.get(\"@banner\").eq(0).children().should(\"contain\", \"Home\");\ncy.get(\"@banner\").eq(3).children().should(\"contain\", \"Tours\");\ncy.screenshot({\n  overwrite: true,\n  capture: \"runner\",\n  path: \"/Sanel/Desktop/FlightsPage.js/screenshots/Flight.png\"\n}\n/*  \"./actions/login/FlightsPage3/3\" */\n);",
                  "err": {},
                  "uuid": "0fad1f6e-3018-49e6-9874-2a46a38e9beb",
                  "parentUUID": "e82e41f6-bfb4-494a-9bee-60fff9a63e42",
                  "isHook": false,
                  "skipped": false
                }
              ],
              "suites": [],
              "passes": [
                "0fad1f6e-3018-49e6-9874-2a46a38e9beb"
              ],
              "failures": [],
              "pending": [],
              "skipped": [],
              "duration": 3905,
              "root": false,
              "rootEmpty": false,
              "_timeout": 2000
            }
          ],
          "passes": [],
          "failures": [],
          "pending": [],
          "skipped": [],
          "duration": 0,
          "root": false,
          "rootEmpty": false,
          "_timeout": 2000
        }
      ],
      "passes": [],
      "failures": [],
      "pending": [],
      "skipped": [],
      "duration": 0,
      "root": true,
      "rootEmpty": true,
      "_timeout": 2000
    }
  ],
  "meta": {
    "mocha": {
      "version": "7.0.1"
    },
    "mochawesome": {
      "options": {
        "quiet": false,
        "reportFilename": "mochawesome",
        "saveHtml": false,
        "saveJson": true,
        "consoleReporter": "spec",
        "useInlineDiffs": false,
        "code": true
      },
      "version": "7.1.3"
    },
    "marge": {
      "options": {
        "id": "default",
        "reportDir": "cypress/reports/mocha",
        "quite": true,
        "overwrite": false,
        "html": false,
        "json": true
      },
      "version": "6.2.0"
    }
  }
}