{
  "stats": {
    "suites": 3,
    "tests": 3,
    "passes": 3,
    "pending": 0,
    "failures": 0,
    "start": "2022-05-05T20:33:01.112Z",
    "end": "2022-05-05T20:33:37.564Z",
    "duration": 36452,
    "testsRegistered": 3,
    "passPercent": 100,
    "pendingPercent": 0,
    "other": 0,
    "hasOther": false,
    "skipped": 0,
    "hasSkipped": false
  },
  "results": [
    {
      "uuid": "aef1d3f5-92f1-4e1e-81e4-41c597c91c7c",
      "title": "",
      "fullFile": "cypress/integration/HotelsPage.js",
      "file": "cypress/integration/HotelsPage.js",
      "beforeHooks": [],
      "afterHooks": [],
      "tests": [],
      "suites": [
        {
          "uuid": "08dba578-c9bd-4f09-b846-07601e588710",
          "title": "Hotels page",
          "fullFile": "",
          "file": "",
          "beforeHooks": [],
          "afterHooks": [],
          "tests": [],
          "suites": [
            {
              "uuid": "e6643877-06b0-4e78-ad04-7a4698f26e85",
              "title": "Search for a specific hotel",
              "fullFile": "",
              "file": "",
              "beforeHooks": [],
              "afterHooks": [],
              "tests": [
                {
                  "title": "PHP-104 - Searching for a specific hotel",
                  "fullTitle": "Hotels page Search for a specific hotel PHP-104 - Searching for a specific hotel",
                  "timedOut": null,
                  "duration": 19931,
                  "state": "passed",
                  "speed": "slow",
                  "pass": true,
                  "fail": false,
                  "pending": false,
                  "context": null,
                  "code": "//Making sure all login page elements are visible\ncy.visit(\"https://phptravels.net/hotels\");\ncy.wait(2000);\ncy.get(\"@hotelContainer\").click({\n  force: true\n});\ncy.get('input[ role=\"searchbox\"]').type(\"Ist\", {\n  force: true\n});\ncy.wait(3000);\ncy.get(\"#select2-hotels_city-results > li.select2-results__option.select2-results__option--highlighted\").should(\"be.visible\").click({\n  force: true\n});\ncy.get(\"@checkin\").should(\"be.visible\").click({\n  force: true\n});\ncy.get('input[name=\"checkout\"]').should(\"be.visible\").click({\n  force: true\n});\ncy.get(\"#fadein > div:nth-child(22) > div.datepicker-days > table > tbody > tr:nth-child(3) > td:nth-child(3)\").click({\n  force: true\n});\ncy.get(\"@searchButton\").should(\"be.visible\").click({\n  force: true\n});\ncy.clearCookies();\ncy.screenshot({\n  overwrite: true,\n  capture: \"runner\",\n  path: \"/Sanel/Desktop/FlightsPage.js/screenshots/Hotel1.png\"\n}\n/*         \"./actions/login/HotelsPage\"\n */\n);",
                  "err": {},
                  "uuid": "5016e937-d790-46fd-bf89-76c09aeb9dd1",
                  "parentUUID": "e6643877-06b0-4e78-ad04-7a4698f26e85",
                  "isHook": false,
                  "skipped": false
                },
                {
                  "title": "PHP-106 - UI checkout",
                  "fullTitle": "Hotels page Search for a specific hotel PHP-106 - UI checkout",
                  "timedOut": null,
                  "duration": 6429,
                  "state": "passed",
                  "speed": "medium",
                  "pass": true,
                  "fail": false,
                  "pending": false,
                  "context": null,
                  "code": "cy.url().should(\"be.equal\", \"https://phptravels.net/hotels\");\ncy.get(\"@dots\").children().should(\"have.length\", 3);\ncy.get(\"@dots\").eq(1).click({\n  force: true\n});\ncy.get(\"@dots\").eq(2).click({\n  force: true\n});\ncy.get(\"#cookie_stop\").click({\n  force: true\n});\ncy.get(\"@someHotel\").scrollIntoView({\n  duration: 200\n});\ncy.wait(1000);\ncy.screenshot({\n  overwrite: true,\n  capture: \"runner\",\n  path: \"/Sanel/Desktop/FlightsPage.js/screenshots/Hotel2.png\"\n}\n/*         \"./actions/login/HotelsPage2\"\n */\n);",
                  "err": {},
                  "uuid": "6054fafd-85a5-4a37-85d5-67ca2b1876e7",
                  "parentUUID": "e6643877-06b0-4e78-ad04-7a4698f26e85",
                  "isHook": false,
                  "skipped": false
                }
              ],
              "suites": [],
              "passes": [
                "5016e937-d790-46fd-bf89-76c09aeb9dd1",
                "6054fafd-85a5-4a37-85d5-67ca2b1876e7"
              ],
              "failures": [],
              "pending": [],
              "skipped": [],
              "duration": 26360,
              "root": false,
              "rootEmpty": false,
              "_timeout": 2000
            },
            {
              "uuid": "bb653d13-8266-48a7-a070-2551e0cd52b0",
              "title": "Check some additional info",
              "fullFile": "",
              "file": "",
              "beforeHooks": [],
              "afterHooks": [],
              "tests": [
                {
                  "title": "PHP-107 - Sign Up to a page",
                  "fullTitle": "Hotels page Check some additional info PHP-107 - Sign Up to a page",
                  "timedOut": null,
                  "duration": 7436,
                  "state": "passed",
                  "speed": "medium",
                  "pass": true,
                  "fail": false,
                  "pending": false,
                  "context": null,
                  "code": "cy.get(\"@searchButton\").should(\"be.visible\").click({\n  force: true\n});\ncy.get(\"@banner\").children().should(\"have.length\", 9);\ncy.get(\"@banner\").eq(0).children().should(\"contain\", \"Home\");\ncy.get(\"@banner\").eq(3).children().should(\"contain\", \"Tours\");\ncy.screenshot({\n  overwrite: true,\n  capture: \"runner\",\n  path: \"/Sanel/Desktop/FlightsPage.js/screenshots/Hotel3.png\"\n}\n/*         \"./actions/login/HotelsPage2\"\n */\n);",
                  "err": {},
                  "uuid": "61465e6f-fe3a-44f4-a869-c9d193356bef",
                  "parentUUID": "bb653d13-8266-48a7-a070-2551e0cd52b0",
                  "isHook": false,
                  "skipped": false
                }
              ],
              "suites": [],
              "passes": [
                "61465e6f-fe3a-44f4-a869-c9d193356bef"
              ],
              "failures": [],
              "pending": [],
              "skipped": [],
              "duration": 7436,
              "root": false,
              "rootEmpty": false,
              "_timeout": 2000
            }
          ],
          "passes": [],
          "failures": [],
          "pending": [],
          "skipped": [],
          "duration": 0,
          "root": false,
          "rootEmpty": false,
          "_timeout": 2000
        }
      ],
      "passes": [],
      "failures": [],
      "pending": [],
      "skipped": [],
      "duration": 0,
      "root": true,
      "rootEmpty": true,
      "_timeout": 2000
    }
  ],
  "meta": {
    "mocha": {
      "version": "7.0.1"
    },
    "mochawesome": {
      "options": {
        "quiet": false,
        "reportFilename": "mochawesome",
        "saveHtml": false,
        "saveJson": true,
        "consoleReporter": "spec",
        "useInlineDiffs": false,
        "code": true
      },
      "version": "7.1.3"
    },
    "marge": {
      "options": {
        "id": "default",
        "reportDir": "cypress/reports/mocha",
        "quite": true,
        "overwrite": false,
        "html": false,
        "json": true
      },
      "version": "6.2.0"
    }
  }
}