{
  "stats": {
    "suites": 3,
    "tests": 3,
    "passes": 3,
    "pending": 0,
    "failures": 0,
    "start": "2022-05-06T21:20:06.513Z",
    "end": "2022-05-06T21:20:39.396Z",
    "duration": 32883,
    "testsRegistered": 3,
    "passPercent": 100,
    "pendingPercent": 0,
    "other": 0,
    "hasOther": false,
    "skipped": 0,
    "hasSkipped": false
  },
  "results": [
    {
      "uuid": "97e66d22-f8bf-4ce7-a7f3-dc903e93be80",
      "title": "",
      "fullFile": "cypress/integration/HotelsPage.spec.js",
      "file": "cypress/integration/HotelsPage.spec.js",
      "beforeHooks": [],
      "afterHooks": [],
      "tests": [],
      "suites": [
        {
          "uuid": "343aa487-930e-42d2-a433-dc327ef3f51f",
          "title": "Hotels page",
          "fullFile": "",
          "file": "",
          "beforeHooks": [],
          "afterHooks": [],
          "tests": [],
          "suites": [
            {
              "uuid": "e766e600-6661-44f5-b00c-b8ef70832c65",
              "title": "Search for a specific hotel",
              "fullFile": "",
              "file": "",
              "beforeHooks": [],
              "afterHooks": [],
              "tests": [
                {
                  "title": "PHP-104 - Searching for a hotel",
                  "fullTitle": "Hotels page Search for a specific hotel PHP-104 - Searching for a hotel",
                  "timedOut": null,
                  "duration": 11754,
                  "state": "passed",
                  "speed": "slow",
                  "pass": true,
                  "fail": false,
                  "pending": false,
                  "context": null,
                  "code": "cy.get('input[ role=\"searchbox\"]').type(\"Ist\", {\n  force: true\n});\ncy.get(\"#select2-hotels_city-results > li.select2-results__option.select2-results__option--highlighted\").should(\"be.visible\").click({\n  force: true\n});\ncy.get(\"@checkin\").should(\"be.visible\").click({\n  force: true\n});\ncy.get('input[name=\"checkout\"]').should(\"be.visible\").click({\n  force: true\n});\ncy.get(\"#fadein > div:nth-child(22) > div.datepicker-days > table > tbody > tr:nth-child(3) > td:nth-child(3)\").click({\n  force: true\n});\ncy.get(\"@searchButton\").should(\"be.visible\").click({\n  force: true\n});\ncy.clearCookies();\ncy.screenshot({\n  overwrite: true,\n  capture: \"runner\",\n  path: \"/Sanel/Desktop/FlightsPage.js/screenshots/Hotel1.png\"\n});",
                  "err": {},
                  "uuid": "a09d45e5-0d9c-4302-8238-1faab4de71a4",
                  "parentUUID": "e766e600-6661-44f5-b00c-b8ef70832c65",
                  "isHook": false,
                  "skipped": false
                },
                {
                  "title": "PHP-106 - DOM checkout and hotels main page checkout",
                  "fullTitle": "Hotels page Search for a specific hotel PHP-106 - DOM checkout and hotels main page checkout",
                  "timedOut": null,
                  "duration": 5569,
                  "state": "passed",
                  "speed": "medium",
                  "pass": true,
                  "fail": false,
                  "pending": false,
                  "context": null,
                  "code": "cy.url().should(\"be.equal\", \"https://phptravels.net/hotels\");\ncy.get(\"@dots\").children().should(\"have.length\", 3);\ncy.get(\"@dots\").eq(1).click({\n  force: true\n});\ncy.get(\"@dots\").eq(2).click({\n  force: true\n});\ncy.get(\"#cookie_stop\").click({\n  force: true\n});\ncy.get(\"@someHotel\").scrollIntoView({\n  duration: 200\n});\ncy.screenshot({\n  overwrite: true,\n  capture: \"runner\",\n  path: \"/Sanel/Desktop/FlightsPage.js/screenshots/Hotel2.png\"\n});",
                  "err": {},
                  "uuid": "4c91614f-7f71-4f8e-b021-fa9cd45440f5",
                  "parentUUID": "e766e600-6661-44f5-b00c-b8ef70832c65",
                  "isHook": false,
                  "skipped": false
                }
              ],
              "suites": [],
              "passes": [
                "a09d45e5-0d9c-4302-8238-1faab4de71a4",
                "4c91614f-7f71-4f8e-b021-fa9cd45440f5"
              ],
              "failures": [],
              "pending": [],
              "skipped": [],
              "duration": 17323,
              "root": false,
              "rootEmpty": false,
              "_timeout": 2000
            },
            {
              "uuid": "0e95b345-14de-48fe-b443-5816e542def7",
              "title": "Check some additional info",
              "fullFile": "",
              "file": "",
              "beforeHooks": [],
              "afterHooks": [],
              "tests": [
                {
                  "title": "PHP-107 - Selecting a specific hotel and guest info input",
                  "fullTitle": "Hotels page Check some additional info PHP-107 - Selecting a specific hotel and guest info input",
                  "timedOut": null,
                  "duration": 12604,
                  "state": "passed",
                  "speed": "slow",
                  "pass": true,
                  "fail": false,
                  "pending": false,
                  "context": null,
                  "code": "cy.get(\"#fadein > section.hotel-area.section-bg.section-padding.overflow-hidden.padding-right-100px.padding-left-100px > div > div.row.padding-top-50px > div > div > div > div.owl-stage-outer > div > div:nth-child(7) > div > div.card-img > a > img\").should(\"be.visible\").click({\n  force: true\n});\ncy.get(\"#availability > div.single-content-item.padding-top-40px.padding-bottom-30px.rooms > div:nth-child(1) > div.card-body > div > div.col-md-9 > form > div > div.col-md-3.booked_44 > div > div > button > span.ladda-label \").should(\"be.visible\").click({\n  force: true\n});\ncy.get('input[name=\"firstname\"]').should(\"be.visible\").type(\"a\", {\n  force: true\n});\ncy.get('input[name=\"lastname\"]').should(\"be.visible\").type(\"a\", {\n  force: true\n});\ncy.screenshot({\n  overwrite: true,\n  capture: \"runner\",\n  path: \"/Sanel/Desktop/FlightsPage.js/screenshots/Hotel3.png\"\n});",
                  "err": {},
                  "uuid": "795907e6-b800-482e-b384-e8c32a08fb35",
                  "parentUUID": "0e95b345-14de-48fe-b443-5816e542def7",
                  "isHook": false,
                  "skipped": false
                }
              ],
              "suites": [],
              "passes": [
                "795907e6-b800-482e-b384-e8c32a08fb35"
              ],
              "failures": [],
              "pending": [],
              "skipped": [],
              "duration": 12604,
              "root": false,
              "rootEmpty": false,
              "_timeout": 2000
            }
          ],
          "passes": [],
          "failures": [],
          "pending": [],
          "skipped": [],
          "duration": 0,
          "root": false,
          "rootEmpty": false,
          "_timeout": 2000
        }
      ],
      "passes": [],
      "failures": [],
      "pending": [],
      "skipped": [],
      "duration": 0,
      "root": true,
      "rootEmpty": true,
      "_timeout": 2000
    }
  ],
  "meta": {
    "mocha": {
      "version": "7.0.1"
    },
    "mochawesome": {
      "options": {
        "quiet": false,
        "reportFilename": "mochawesome",
        "saveHtml": false,
        "saveJson": true,
        "consoleReporter": "spec",
        "useInlineDiffs": false,
        "code": true
      },
      "version": "7.1.3"
    },
    "marge": {
      "options": {
        "id": "default",
        "reportDir": "cypress/reports/mocha",
        "quite": true,
        "overwrite": false,
        "html": false,
        "json": true
      },
      "version": "6.2.0"
    }
  }
}