{
  "stats": {
    "suites": 3,
    "tests": 4,
    "passes": 4,
    "pending": 0,
    "failures": 0,
    "start": "2022-05-06T21:21:02.852Z",
    "end": "2022-05-06T21:22:05.790Z",
    "duration": 62938,
    "testsRegistered": 4,
    "passPercent": 100,
    "pendingPercent": 0,
    "other": 0,
    "hasOther": false,
    "skipped": 0,
    "hasSkipped": false
  },
  "results": [
    {
      "uuid": "004e14c0-35ed-43c6-bea1-c5fc41e97566",
      "title": "",
      "fullFile": "cypress/integration/LoginTest.spec.js",
      "file": "cypress/integration/LoginTest.spec.js",
      "beforeHooks": [],
      "afterHooks": [],
      "tests": [],
      "suites": [
        {
          "uuid": "9974c3f9-c06a-4265-bf4f-eb277b511db8",
          "title": "login page",
          "fullFile": "",
          "file": "",
          "beforeHooks": [],
          "afterHooks": [],
          "tests": [],
          "suites": [
            {
              "uuid": "57b33f7f-af0d-40b8-9d1a-687d097e3d3b",
              "title": "Login validation fields",
              "fullFile": "",
              "file": "",
              "beforeHooks": [],
              "afterHooks": [],
              "tests": [
                {
                  "title": "PHP-101 - Navigate to the login page and make sure all required elements are visible",
                  "fullTitle": "login page Login validation fields PHP-101 - Navigate to the login page and make sure all required elements are visible",
                  "timedOut": null,
                  "duration": 5992,
                  "state": "passed",
                  "speed": "medium",
                  "pass": true,
                  "fail": false,
                  "pending": false,
                  "context": null,
                  "code": "//Making sure all login page elements are visible\ncy.get(\"#cookie_stop\").click();\ncy.get(\"@emailInput\").should(\"be.visible\").type(\"A\", {\n  force: true\n});\ncy.get(\"@passwordInput\").should(\"be.visible\").type(\"A\", {\n  force: true\n});\ncy.url().should(\"contain\", \"/login\");\ncy.get(\"@remember\").should(\"exist\");\ncy.get(\".font-size-14\").should(\"contain\", \"Please enter your account credentials below\");\ncy.get(\"@forgotPassword\").should(\"be.visible\");\ncy.screenshot({\n  overwrite: true,\n  capture: \"runner\",\n  path: \"/Sanel/Desktop/FlightsPage.js/screenshots/Login1.png\"\n});",
                  "err": {},
                  "uuid": "e0c2bbf8-c947-4898-bb85-3bc5577c8b9f",
                  "parentUUID": "57b33f7f-af0d-40b8-9d1a-687d097e3d3b",
                  "isHook": false,
                  "skipped": false
                }
              ],
              "suites": [],
              "passes": [
                "e0c2bbf8-c947-4898-bb85-3bc5577c8b9f"
              ],
              "failures": [],
              "pending": [],
              "skipped": [],
              "duration": 5992,
              "root": false,
              "rootEmpty": false,
              "_timeout": 2000
            },
            {
              "uuid": "58ede5d1-8701-4d19-8359-6b390e0af327",
              "title": "Login options",
              "fullFile": "",
              "file": "",
              "beforeHooks": [],
              "afterHooks": [],
              "tests": [
                {
                  "title": "PHP-102 - Login with valid username and password",
                  "fullTitle": "login page Login options PHP-102 - Login with valid username and password",
                  "timedOut": null,
                  "duration": 13226,
                  "state": "passed",
                  "speed": "slow",
                  "pass": true,
                  "fail": false,
                  "pending": false,
                  "context": null,
                  "code": "cy.loginPage(user, password);\ncy.get(\"#cookie_stop\").click();\ncy.screenshot({\n  overwrite: true,\n  capture: \"runner\",\n  path: \"/Sanel/Desktop/FlightsPage.js/screenshots/Login2.png\"\n});",
                  "err": {},
                  "uuid": "bc562e6d-7a2c-4c2a-9d8e-25202a07b68d",
                  "parentUUID": "58ede5d1-8701-4d19-8359-6b390e0af327",
                  "isHook": false,
                  "skipped": false
                },
                {
                  "title": "PHP-103 - Log in  to a page",
                  "fullTitle": "login page Login options PHP-103 - Log in  to a page",
                  "timedOut": null,
                  "duration": 27881,
                  "state": "passed",
                  "speed": "slow",
                  "pass": true,
                  "fail": false,
                  "pending": false,
                  "context": null,
                  "code": "cy.loginPage(user, password);\ncy.get(\"#cookie_stop\").click();\ncy.get(\"#fadein > div.container > div > div.modal-content.col.align-self-center > div.modal-body > div > form > div.btn-box.pt-3.pb-4 > div > div > a > span.ladda-label\").click({\n  force: true\n});\ncy.signupPage(firstName, lastName, email, phone, password);\ncy.wait(1000);\ncy.screenshot({\n  capture: \"runner\",\n  overwrite: true,\n  path: \"/Sanel/Desktop/FlightsPage.js/screenshots/Login4.png\"\n});",
                  "err": {},
                  "uuid": "ce55f977-07fa-4111-a25d-0e1b7689b7d1",
                  "parentUUID": "58ede5d1-8701-4d19-8359-6b390e0af327",
                  "isHook": false,
                  "skipped": false
                },
                {
                  "title": "PHP-103 - Sign Up to a page",
                  "fullTitle": "login page Login options PHP-103 - Sign Up to a page",
                  "timedOut": null,
                  "duration": 13702,
                  "state": "passed",
                  "speed": "slow",
                  "pass": true,
                  "fail": false,
                  "pending": false,
                  "context": null,
                  "code": "cy.wait(2000);\ncy.get(\"@emailInput\").clear({\n  force: true\n});\ncy.get(\"@passwordInput\").clear({\n  force: true\n});\ncy.wait(2000);\ncy.get(\"@emailInput\").type(email, {\n  force: true\n});\ncy.get(\"@passwordInput\").type(password, {\n  force: true,\n  log: false\n});\ncy.clearCookies();\ncy.wait(2000);\ncy.clearCookies();\ncy.get(\"@loginSubmit\").click({\n  force: true\n});\ncy.screenshot({\n  overwrite: true,\n  capture: \"runner\",\n  path: \"/Sanel/Desktop/FlightsPage.js/screenshots/Login3.png\"\n});",
                  "err": {},
                  "uuid": "6fe1b2b0-cc18-452c-99c8-9dbad68fcb99",
                  "parentUUID": "58ede5d1-8701-4d19-8359-6b390e0af327",
                  "isHook": false,
                  "skipped": false
                }
              ],
              "suites": [],
              "passes": [
                "bc562e6d-7a2c-4c2a-9d8e-25202a07b68d",
                "ce55f977-07fa-4111-a25d-0e1b7689b7d1",
                "6fe1b2b0-cc18-452c-99c8-9dbad68fcb99"
              ],
              "failures": [],
              "pending": [],
              "skipped": [],
              "duration": 54809,
              "root": false,
              "rootEmpty": false,
              "_timeout": 2000
            }
          ],
          "passes": [],
          "failures": [],
          "pending": [],
          "skipped": [],
          "duration": 0,
          "root": false,
          "rootEmpty": false,
          "_timeout": 2000
        }
      ],
      "passes": [],
      "failures": [],
      "pending": [],
      "skipped": [],
      "duration": 0,
      "root": true,
      "rootEmpty": true,
      "_timeout": 2000
    }
  ],
  "meta": {
    "mocha": {
      "version": "7.0.1"
    },
    "mochawesome": {
      "options": {
        "quiet": false,
        "reportFilename": "mochawesome",
        "saveHtml": false,
        "saveJson": true,
        "consoleReporter": "spec",
        "useInlineDiffs": false,
        "code": true
      },
      "version": "7.1.3"
    },
    "marge": {
      "options": {
        "id": "default",
        "reportDir": "cypress/reports/mocha",
        "quite": true,
        "overwrite": false,
        "html": false,
        "json": true
      },
      "version": "6.2.0"
    }
  }
}