{
  "stats": {
    "suites": 3,
    "tests": 9,
    "passes": 8,
    "pending": 0,
    "failures": 1,
    "start": "2022-05-05T20:31:07.103Z",
    "end": "2022-05-05T20:34:54.861Z",
    "duration": 102022,
    "testsRegistered": 9,
    "passPercent": 88.88888888888889,
    "pendingPercent": 0,
    "other": 0,
    "hasOther": false,
    "skipped": 0,
    "hasSkipped": false
  },
  "results": [
    {
      "uuid": "aef1d3f5-92f1-4e1e-81e4-41c597c91c7c",
      "title": "",
      "fullFile": "cypress/integration/HotelsPage.js",
      "file": "cypress/integration/HotelsPage.js",
      "beforeHooks": [],
      "afterHooks": [],
      "tests": [],
      "suites": [
        {
          "uuid": "08dba578-c9bd-4f09-b846-07601e588710",
          "title": "Hotels page",
          "fullFile": "",
          "file": "",
          "beforeHooks": [],
          "afterHooks": [],
          "tests": [],
          "suites": [
            {
              "uuid": "e6643877-06b0-4e78-ad04-7a4698f26e85",
              "title": "Search for a specific hotel",
              "fullFile": "",
              "file": "",
              "beforeHooks": [],
              "afterHooks": [],
              "tests": [
                {
                  "title": "PHP-104 - Searching for a specific hotel",
                  "fullTitle": "Hotels page Search for a specific hotel PHP-104 - Searching for a specific hotel",
                  "timedOut": null,
                  "duration": 19931,
                  "state": "passed",
                  "speed": "slow",
                  "pass": true,
                  "fail": false,
                  "pending": false,
                  "context": null,
                  "code": "//Making sure all login page elements are visible\ncy.visit(\"https://phptravels.net/hotels\");\ncy.wait(2000);\ncy.get(\"@hotelContainer\").click({\n  force: true\n});\ncy.get('input[ role=\"searchbox\"]').type(\"Ist\", {\n  force: true\n});\ncy.wait(3000);\ncy.get(\"#select2-hotels_city-results > li.select2-results__option.select2-results__option--highlighted\").should(\"be.visible\").click({\n  force: true\n});\ncy.get(\"@checkin\").should(\"be.visible\").click({\n  force: true\n});\ncy.get('input[name=\"checkout\"]').should(\"be.visible\").click({\n  force: true\n});\ncy.get(\"#fadein > div:nth-child(22) > div.datepicker-days > table > tbody > tr:nth-child(3) > td:nth-child(3)\").click({\n  force: true\n});\ncy.get(\"@searchButton\").should(\"be.visible\").click({\n  force: true\n});\ncy.clearCookies();\ncy.screenshot({\n  overwrite: true,\n  capture: \"runner\",\n  path: \"/Sanel/Desktop/FlightsPage.js/screenshots/Hotel1.png\"\n}\n/*         \"./actions/login/HotelsPage\"\n */\n);",
                  "err": {},
                  "uuid": "5016e937-d790-46fd-bf89-76c09aeb9dd1",
                  "parentUUID": "e6643877-06b0-4e78-ad04-7a4698f26e85",
                  "isHook": false,
                  "skipped": false
                },
                {
                  "title": "PHP-106 - UI checkout",
                  "fullTitle": "Hotels page Search for a specific hotel PHP-106 - UI checkout",
                  "timedOut": null,
                  "duration": 6429,
                  "state": "passed",
                  "speed": "medium",
                  "pass": true,
                  "fail": false,
                  "pending": false,
                  "context": null,
                  "code": "cy.url().should(\"be.equal\", \"https://phptravels.net/hotels\");\ncy.get(\"@dots\").children().should(\"have.length\", 3);\ncy.get(\"@dots\").eq(1).click({\n  force: true\n});\ncy.get(\"@dots\").eq(2).click({\n  force: true\n});\ncy.get(\"#cookie_stop\").click({\n  force: true\n});\ncy.get(\"@someHotel\").scrollIntoView({\n  duration: 200\n});\ncy.wait(1000);\ncy.screenshot({\n  overwrite: true,\n  capture: \"runner\",\n  path: \"/Sanel/Desktop/FlightsPage.js/screenshots/Hotel2.png\"\n}\n/*         \"./actions/login/HotelsPage2\"\n */\n);",
                  "err": {},
                  "uuid": "6054fafd-85a5-4a37-85d5-67ca2b1876e7",
                  "parentUUID": "e6643877-06b0-4e78-ad04-7a4698f26e85",
                  "isHook": false,
                  "skipped": false
                }
              ],
              "suites": [],
              "passes": [
                "5016e937-d790-46fd-bf89-76c09aeb9dd1",
                "6054fafd-85a5-4a37-85d5-67ca2b1876e7"
              ],
              "failures": [],
              "pending": [],
              "skipped": [],
              "duration": 26360,
              "root": false,
              "rootEmpty": false,
              "_timeout": 2000
            },
            {
              "uuid": "bb653d13-8266-48a7-a070-2551e0cd52b0",
              "title": "Check some additional info",
              "fullFile": "",
              "file": "",
              "beforeHooks": [],
              "afterHooks": [],
              "tests": [
                {
                  "title": "PHP-107 - Sign Up to a page",
                  "fullTitle": "Hotels page Check some additional info PHP-107 - Sign Up to a page",
                  "timedOut": null,
                  "duration": 7436,
                  "state": "passed",
                  "speed": "medium",
                  "pass": true,
                  "fail": false,
                  "pending": false,
                  "context": null,
                  "code": "cy.get(\"@searchButton\").should(\"be.visible\").click({\n  force: true\n});\ncy.get(\"@banner\").children().should(\"have.length\", 9);\ncy.get(\"@banner\").eq(0).children().should(\"contain\", \"Home\");\ncy.get(\"@banner\").eq(3).children().should(\"contain\", \"Tours\");\ncy.screenshot({\n  overwrite: true,\n  capture: \"runner\",\n  path: \"/Sanel/Desktop/FlightsPage.js/screenshots/Hotel3.png\"\n}\n/*         \"./actions/login/HotelsPage2\"\n */\n);",
                  "err": {},
                  "uuid": "61465e6f-fe3a-44f4-a869-c9d193356bef",
                  "parentUUID": "bb653d13-8266-48a7-a070-2551e0cd52b0",
                  "isHook": false,
                  "skipped": false
                }
              ],
              "suites": [],
              "passes": [
                "61465e6f-fe3a-44f4-a869-c9d193356bef"
              ],
              "failures": [],
              "pending": [],
              "skipped": [],
              "duration": 7436,
              "root": false,
              "rootEmpty": false,
              "_timeout": 2000
            }
          ],
          "passes": [],
          "failures": [],
          "pending": [],
          "skipped": [],
          "duration": 0,
          "root": false,
          "rootEmpty": false,
          "_timeout": 2000
        }
      ],
      "passes": [],
      "failures": [],
      "pending": [],
      "skipped": [],
      "duration": 0,
      "root": true,
      "rootEmpty": true,
      "_timeout": 2000
    },
    {
      "uuid": "65b4e5e1-5261-4161-af86-24fa435809d2",
      "title": "",
      "fullFile": "cypress/integration/LoginTest.js",
      "file": "cypress/integration/LoginTest.js",
      "beforeHooks": [],
      "afterHooks": [],
      "tests": [],
      "suites": [
        {
          "uuid": "7d52ef8d-8aff-4a85-bc4f-b51565ef4247",
          "title": "login page",
          "fullFile": "",
          "file": "",
          "beforeHooks": [],
          "afterHooks": [],
          "tests": [],
          "suites": [
            {
              "uuid": "c553dc87-3cd0-4240-af42-fbfa28a96cc9",
              "title": "Login validation fields",
              "fullFile": "",
              "file": "",
              "beforeHooks": [],
              "afterHooks": [],
              "tests": [
                {
                  "title": "PHP-101 - Navigate to the login page and make sure all required elements are visible",
                  "fullTitle": "login page Login validation fields PHP-101 - Navigate to the login page and make sure all required elements are visible",
                  "timedOut": null,
                  "duration": 5888,
                  "state": "passed",
                  "speed": "medium",
                  "pass": true,
                  "fail": false,
                  "pending": false,
                  "context": null,
                  "code": "//Making sure all login page elements are visible\ncy.get(\"#cookie_stop\").click();\ncy.get(\"@emailInput\").should(\"be.visible\").type(\"A\", {\n  force: true\n});\ncy.get(\"@passwordInput\").should(\"be.visible\").type(\"A\", {\n  force: true\n});\ncy.url().should(\"contain\", \"/login\");\ncy.get(\"@remember\").should(\"exist\");\ncy.get(\".font-size-14\").should(\"contain\", \"Please enter your account credentials below\");\ncy.get(\"@forgotPassword\").should(\"be.visible\");\ncy.screenshot({\n  overwrite: true,\n  capture: \"runner\",\n  path: \"/Sanel/Desktop/FlightsPage.js/screenshots/Login1.png\"\n}\n/*         \"./actions/login/Login\"\n */\n);\n/*  cy.contains(\"Remember me?\").should(\"be.visible\");\ncy.get(\"@loginSubmit\").should(\"be.visible\");\ncy.get(\"@registerAccount\").should(\"be.visible\"); */",
                  "err": {},
                  "uuid": "d0fc4340-7fcc-401c-9ab3-c2d920298ca8",
                  "parentUUID": "c553dc87-3cd0-4240-af42-fbfa28a96cc9",
                  "isHook": false,
                  "skipped": false
                }
              ],
              "suites": [],
              "passes": [
                "d0fc4340-7fcc-401c-9ab3-c2d920298ca8"
              ],
              "failures": [],
              "pending": [],
              "skipped": [],
              "duration": 5888,
              "root": false,
              "rootEmpty": false,
              "_timeout": 2000
            },
            {
              "uuid": "d2e49760-dec1-4fe7-8b8b-e1442006bcaf",
              "title": "Login options",
              "fullFile": "",
              "file": "",
              "beforeHooks": [],
              "afterHooks": [],
              "tests": [
                {
                  "title": "PHP-102 - Login with valid username and password",
                  "fullTitle": "login page Login options PHP-102 - Login with valid username and password",
                  "timedOut": null,
                  "duration": 11193,
                  "state": "passed",
                  "speed": "slow",
                  "pass": true,
                  "fail": false,
                  "pending": false,
                  "context": null,
                  "code": "cy.loginPage(user, password);\ncy.get(\"#cookie_stop\").click(); //cy.get(\"#logOut\").should(\"be.visible\");\ncy.screenshot({\n  overwrite: true,\n  capture: \"runner\",\n  path: \"/Sanel/Desktop/FlightsPage.js/screenshots/Login2.png\"\n}\n/*         \"./actions/login/Login\"\n */\n);\n/*  cy.get(\"p\")\n.contains(\"Logged in. Redirecting you now...\")\n.should(\"be.visible\");\n      cy.url().should(\"contain\", \"/login/failed\");\ncy.url().should(\"contain\", \"/account/dashboard\");\ncy.get(\"#logOut\").should(\"be.visible\"); */",
                  "err": {},
                  "uuid": "763cdcea-f17c-4bfc-b353-532a23b9b636",
                  "parentUUID": "d2e49760-dec1-4fe7-8b8b-e1442006bcaf",
                  "isHook": false,
                  "skipped": false
                },
                {
                  "title": "PHP-103 - Sign Up to a page",
                  "fullTitle": "login page Login options PHP-103 - Sign Up to a page",
                  "timedOut": null,
                  "duration": 29706,
                  "state": "passed",
                  "speed": "slow",
                  "pass": true,
                  "fail": false,
                  "pending": false,
                  "context": null,
                  "code": "cy.loginPage(user, password);\ncy.get(\"#cookie_stop\").click();\ncy.get(\"#fadein > div.container > div > div.modal-content.col.align-self-center > div.modal-body > div > form > div.btn-box.pt-3.pb-4 > div > div > a > span.ladda-label\").click({\n  force: true\n});\ncy.signupPage(firstName, lastName, email, phone, password);\ncy.screenshot({\n  capture: \"runner\",\n  overwrite: true\n}, \"./actions/signup/SignUp\");\ncy.wait(2000);\ncy.get(\"@emailInput\").clear({\n  force: true\n});\ncy.get(\"@passwordInput\").clear({\n  force: true\n});\ncy.wait(2000);\ncy.get(\"@emailInput\").type(email, {\n  force: true\n});\ncy.get(\"@passwordInput\").type(password, {\n  force: true\n});\ncy.clearCookies();\ncy.wait(2000);\ncy.clearCookies();\ncy.get(\"@loginSubmit\").click({\n  force: true\n});\ncy.screenshot({\n  overwrite: true,\n  capture: \"runner\",\n  path: \"/Sanel/Desktop/FlightsPage.js/screenshots/Login3.png\"\n}\n/*         \"./actions/login/Login\"\n */\n);",
                  "err": {},
                  "uuid": "8dd171f9-2d96-4a45-aa02-4d8e27dd99ac",
                  "parentUUID": "d2e49760-dec1-4fe7-8b8b-e1442006bcaf",
                  "isHook": false,
                  "skipped": false
                }
              ],
              "suites": [],
              "passes": [
                "763cdcea-f17c-4bfc-b353-532a23b9b636",
                "8dd171f9-2d96-4a45-aa02-4d8e27dd99ac"
              ],
              "failures": [],
              "pending": [],
              "skipped": [],
              "duration": 40899,
              "root": false,
              "rootEmpty": false,
              "_timeout": 2000
            }
          ],
          "passes": [],
          "failures": [],
          "pending": [],
          "skipped": [],
          "duration": 0,
          "root": false,
          "rootEmpty": false,
          "_timeout": 2000
        }
      ],
      "passes": [],
      "failures": [],
      "pending": [],
      "skipped": [],
      "duration": 0,
      "root": true,
      "rootEmpty": true,
      "_timeout": 2000
    },
    {
      "uuid": "29a0a7ea-ccaa-461e-ab0f-316cfad41fb6",
      "title": "",
      "fullFile": "cypress/integration/FlightsPage.js",
      "file": "cypress/integration/FlightsPage.js",
      "beforeHooks": [],
      "afterHooks": [],
      "tests": [],
      "suites": [
        {
          "uuid": "143500b7-54e5-4bed-a48e-af5949a48fa2",
          "title": "Hotels page",
          "fullFile": "",
          "file": "",
          "beforeHooks": [],
          "afterHooks": [],
          "tests": [],
          "suites": [
            {
              "uuid": "ca7110c2-a30c-4061-8320-0ef4b82327f8",
              "title": "Search for a specific flight",
              "fullFile": "",
              "file": "",
              "beforeHooks": [],
              "afterHooks": [],
              "tests": [
                {
                  "title": "PHP-107 - Searching for a unavailable flight",
                  "fullTitle": "Hotels page Search for a specific flight PHP-107 - Searching for a unavailable flight",
                  "timedOut": null,
                  "duration": 8515,
                  "state": "failed",
                  "speed": null,
                  "pass": false,
                  "fail": true,
                  "pending": false,
                  "context": null,
                  "code": "//Making sure all login page elements are visible\ncy.get(\"#autocomplete\").type(\"Doha\", {\n  force: true\n});\ncy.get(\"#onereturn > div.col-md-6 > div > div:nth-child(1) > div > div > div > div > div:nth-child(1) > div.autocomplete-location\").click({\n  force: true\n});\ncy.get(\"#autocomplete2\").type(\"Sienna\", {\n  force: true\n});\ncy.get(\"#onereturn > div.col-md-6 > div > div:nth-child(2) > div > div.form-group > div > div > div:nth-child(1) > div:nth-child(1) > strong\").click({\n  force: true\n});\ncy.get(\"#flights-search\").click({\n  force: true\n});\ncy.screenshot({\n  overwrite: true,\n  capture: \"runner\"\n}, \"./actions/login/FlightsPage1/1\");",
                  "err": {
                    "message": "Error: The following error originated from your application code, not from Cypress.\n\n  > [MixItUp] An invalid selector or element reference was passed to the mixitup factory function\n\nWhen Cypress detects uncaught errors originating from your application it will automatically fail the current test.\n\nThis behavior is configurable, and you can choose to turn this off by listening to the `uncaught:exception` event.\n\nhttps://on.cypress.io/uncaught-exception-from-application",
                    "estack": "Error: The following error originated from your application code, not from Cypress.\n\n  > [MixItUp] An invalid selector or element reference was passed to the mixitup factory function\n\nWhen Cypress detects uncaught errors originating from your application it will automatically fail the current test.\n\nThis behavior is configurable, and you can choose to turn this off by listening to the `uncaught:exception` event.\n\nhttps://on.cypress.io/uncaught-exception-from-application\n    at e (https://phptravels.net/app/themes/default/assets/js/mixitup.min.js:16:2921)\n    at https://phptravels.net/flights/en/usd/doh/say/oneway/economy/08-05-2022/1/0/0:683:17",
                    "diff": null
                  },
                  "uuid": "7d63c96e-e2eb-40d2-af9b-957835b01d66",
                  "parentUUID": "ca7110c2-a30c-4061-8320-0ef4b82327f8",
                  "isHook": false,
                  "skipped": false
                },
                {
                  "title": "PHP-106 - UI checkout",
                  "fullTitle": "Hotels page Search for a specific flight PHP-106 - UI checkout",
                  "timedOut": null,
                  "duration": 9019,
                  "state": "passed",
                  "speed": "medium",
                  "pass": true,
                  "fail": false,
                  "pending": false,
                  "context": null,
                  "code": "cy.get(\"#new-york > div > div:nth-child(2) > a > div > div > div.col-7 > h6\").click({\n  force: true\n});\ncy.get(\"#flights_1\").click({\n  force: true\n});\ncy.get(\"#data > ul > li:nth-child(1) > div > form > div > div.col-md-10 > div.theme-search-results-item-preview > div.theme-search-results-item-mask-link\").click({\n  force: true\n});\ncy.get(\"#searchResultsItem-0 > div > div.theme-search-results-item-extend-inner > div > div > div > div.col-md-9 > div > ul > li > div.row > div.col-6.flight_desc > p:nth-child(1)\").click({\n  force: true\n});\ncy.screenshot({\n  overwrite: true,\n  capture: \"runner\"\n}, \"./actions/login/FlightsPage2/2\");",
                  "err": {},
                  "uuid": "69e3a969-8ccd-4622-a674-3a4c6213eb22",
                  "parentUUID": "ca7110c2-a30c-4061-8320-0ef4b82327f8",
                  "isHook": false,
                  "skipped": false
                }
              ],
              "suites": [],
              "passes": [
                "69e3a969-8ccd-4622-a674-3a4c6213eb22"
              ],
              "failures": [
                "7d63c96e-e2eb-40d2-af9b-957835b01d66"
              ],
              "pending": [],
              "skipped": [],
              "duration": 17534,
              "root": false,
              "rootEmpty": false,
              "_timeout": 2000
            },
            {
              "uuid": "e82e41f6-bfb4-494a-9bee-60fff9a63e42",
              "title": "Check some additional info",
              "fullFile": "",
              "file": "",
              "beforeHooks": [],
              "afterHooks": [],
              "tests": [
                {
                  "title": "PHP-107 - Sign Up to a page",
                  "fullTitle": "Hotels page Check some additional info PHP-107 - Sign Up to a page",
                  "timedOut": null,
                  "duration": 3905,
                  "state": "passed",
                  "speed": "fast",
                  "pass": true,
                  "fail": false,
                  "pending": false,
                  "context": null,
                  "code": "cy.get(\"@searchButton\").should(\"be.visible\").click({\n  force: true\n});\ncy.get(\"@banner\").children().should(\"have.length\", 9);\ncy.get(\"@banner\").eq(0).children().should(\"contain\", \"Home\");\ncy.get(\"@banner\").eq(3).children().should(\"contain\", \"Tours\");\ncy.screenshot({\n  overwrite: true,\n  capture: \"runner\",\n  path: \"/Sanel/Desktop/FlightsPage.js/screenshots/Flight.png\"\n}\n/*  \"./actions/login/FlightsPage3/3\" */\n);",
                  "err": {},
                  "uuid": "0fad1f6e-3018-49e6-9874-2a46a38e9beb",
                  "parentUUID": "e82e41f6-bfb4-494a-9bee-60fff9a63e42",
                  "isHook": false,
                  "skipped": false
                }
              ],
              "suites": [],
              "passes": [
                "0fad1f6e-3018-49e6-9874-2a46a38e9beb"
              ],
              "failures": [],
              "pending": [],
              "skipped": [],
              "duration": 3905,
              "root": false,
              "rootEmpty": false,
              "_timeout": 2000
            }
          ],
          "passes": [],
          "failures": [],
          "pending": [],
          "skipped": [],
          "duration": 0,
          "root": false,
          "rootEmpty": false,
          "_timeout": 2000
        }
      ],
      "passes": [],
      "failures": [],
      "pending": [],
      "skipped": [],
      "duration": 0,
      "root": true,
      "rootEmpty": true,
      "_timeout": 2000
    }
  ],
  "meta": {
    "mocha": {
      "version": "7.0.1"
    },
    "mochawesome": {
      "options": {
        "quiet": false,
        "reportFilename": "mochawesome",
        "saveHtml": false,
        "saveJson": true,
        "consoleReporter": "spec",
        "useInlineDiffs": false,
        "code": true
      },
      "version": "7.1.3"
    },
    "marge": {
      "options": {
        "id": "default",
        "reportDir": "cypress/reports/mocha",
        "quite": true,
        "overwrite": false,
        "html": false,
        "json": true
      },
      "version": "6.2.0"
    }
  }
}