{
  "stats": {
    "suites": 3,
    "tests": 3,
    "passes": 3,
    "pending": 0,
    "failures": 0,
    "start": "2022-05-05T20:21:37.237Z",
    "end": "2022-05-05T20:22:18.437Z",
    "duration": 41200,
    "testsRegistered": 3,
    "passPercent": 100,
    "pendingPercent": 0,
    "other": 0,
    "hasOther": false,
    "skipped": 0,
    "hasSkipped": false
  },
  "results": [
    {
      "uuid": "42f603ce-4109-40e3-89ec-76d290d343f3",
      "title": "",
      "fullFile": "cypress/integration/HotelsPage.js",
      "file": "cypress/integration/HotelsPage.js",
      "beforeHooks": [],
      "afterHooks": [],
      "tests": [],
      "suites": [
        {
          "uuid": "a9949ccb-9285-420d-9de0-94bf55d2cca2",
          "title": "Hotels page",
          "fullFile": "",
          "file": "",
          "beforeHooks": [],
          "afterHooks": [],
          "tests": [],
          "suites": [
            {
              "uuid": "7262d95f-dc25-4437-905c-a81e1adc08ef",
              "title": "Search for a specific hotel",
              "fullFile": "",
              "file": "",
              "beforeHooks": [],
              "afterHooks": [],
              "tests": [
                {
                  "title": "PHP-104 - Searching for a specific hotel",
                  "fullTitle": "Hotels page Search for a specific hotel PHP-104 - Searching for a specific hotel",
                  "timedOut": null,
                  "duration": 23627,
                  "state": "passed",
                  "speed": "slow",
                  "pass": true,
                  "fail": false,
                  "pending": false,
                  "context": null,
                  "code": "//Making sure all login page elements are visible\ncy.visit(\"https://phptravels.net/hotels\");\ncy.wait(2000);\ncy.get(\"@hotelContainer\").click({\n  force: true\n});\ncy.get('input[ role=\"searchbox\"]').type(\"Ist\", {\n  force: true\n});\ncy.wait(3000);\ncy.get(\"#select2-hotels_city-results > li.select2-results__option.select2-results__option--highlighted\").should(\"be.visible\").click({\n  force: true\n});\ncy.get(\"@checkin\").should(\"be.visible\").click({\n  force: true\n});\ncy.get('input[name=\"checkout\"]').should(\"be.visible\").click({\n  force: true\n});\ncy.get(\"#fadein > div:nth-child(22) > div.datepicker-days > table > tbody > tr:nth-child(3) > td:nth-child(3)\").click({\n  force: true\n});\ncy.get(\"@searchButton\").should(\"be.visible\").click({\n  force: true\n});\ncy.clearCookies();\ncy.screenshot({\n  overwrite: true,\n  capture: \"runner\",\n  path: \"/Sanel/Desktop/FlightsPage.js/screenshots/Hotel1.png\"\n}\n/*         \"./actions/login/HotelsPage\"\n */\n);",
                  "err": {},
                  "uuid": "f1f506a7-fd73-4f3a-b7ad-c3dca0f64793",
                  "parentUUID": "7262d95f-dc25-4437-905c-a81e1adc08ef",
                  "isHook": false,
                  "skipped": false
                },
                {
                  "title": "PHP-106 - UI checkout",
                  "fullTitle": "Hotels page Search for a specific hotel PHP-106 - UI checkout",
                  "timedOut": null,
                  "duration": 8827,
                  "state": "passed",
                  "speed": "medium",
                  "pass": true,
                  "fail": false,
                  "pending": false,
                  "context": null,
                  "code": "cy.url().should(\"be.equal\", \"https://phptravels.net/hotels\");\ncy.get(\"@dots\").children().should(\"have.length\", 3);\ncy.get(\"@dots\").eq(1).click({\n  force: true\n});\ncy.get(\"@dots\").eq(2).click({\n  force: true\n});\ncy.get(\"#cookie_stop\").click({\n  force: true\n});\ncy.get(\"@someHotel\").scrollIntoView({\n  duration: 200\n});\ncy.wait(1000);\ncy.screenshot({\n  overwrite: true,\n  capture: \"runner\",\n  path: \"/Sanel/Desktop/FlightsPage.js/screenshots/Hotel2.png\"\n}\n/*         \"./actions/login/HotelsPage2\"\n */\n);",
                  "err": {},
                  "uuid": "02322e92-f438-49fb-9ebb-402f121dd5c1",
                  "parentUUID": "7262d95f-dc25-4437-905c-a81e1adc08ef",
                  "isHook": false,
                  "skipped": false
                }
              ],
              "suites": [],
              "passes": [
                "f1f506a7-fd73-4f3a-b7ad-c3dca0f64793",
                "02322e92-f438-49fb-9ebb-402f121dd5c1"
              ],
              "failures": [],
              "pending": [],
              "skipped": [],
              "duration": 32454,
              "root": false,
              "rootEmpty": false,
              "_timeout": 2000
            },
            {
              "uuid": "bbf58b82-124d-4101-ac38-1cf8bbbe9c45",
              "title": "Check some additional info",
              "fullFile": "",
              "file": "",
              "beforeHooks": [],
              "afterHooks": [],
              "tests": [
                {
                  "title": "PHP-107 - Sign Up to a page",
                  "fullTitle": "Hotels page Check some additional info PHP-107 - Sign Up to a page",
                  "timedOut": null,
                  "duration": 6298,
                  "state": "passed",
                  "speed": "medium",
                  "pass": true,
                  "fail": false,
                  "pending": false,
                  "context": null,
                  "code": "cy.get(\"@searchButton\").should(\"be.visible\").click({\n  force: true\n});\ncy.get(\"@banner\").children().should(\"have.length\", 9);\ncy.get(\"@banner\").eq(0).children().should(\"contain\", \"Home\");\ncy.get(\"@banner\").eq(3).children().should(\"contain\", \"Tours\");\ncy.screenshot({\n  overwrite: true,\n  capture: \"runner\",\n  path: \"/Sanel/Desktop/FlightsPage.js/screenshots/Hotel3.png\"\n}\n/*         \"./actions/login/HotelsPage2\"\n */\n);",
                  "err": {},
                  "uuid": "a3d4bc8e-cfd0-48fe-8ee3-61bc53872e35",
                  "parentUUID": "bbf58b82-124d-4101-ac38-1cf8bbbe9c45",
                  "isHook": false,
                  "skipped": false
                }
              ],
              "suites": [],
              "passes": [
                "a3d4bc8e-cfd0-48fe-8ee3-61bc53872e35"
              ],
              "failures": [],
              "pending": [],
              "skipped": [],
              "duration": 6298,
              "root": false,
              "rootEmpty": false,
              "_timeout": 2000
            }
          ],
          "passes": [],
          "failures": [],
          "pending": [],
          "skipped": [],
          "duration": 0,
          "root": false,
          "rootEmpty": false,
          "_timeout": 2000
        }
      ],
      "passes": [],
      "failures": [],
      "pending": [],
      "skipped": [],
      "duration": 0,
      "root": true,
      "rootEmpty": true,
      "_timeout": 2000
    }
  ],
  "meta": {
    "mocha": {
      "version": "7.0.1"
    },
    "mochawesome": {
      "options": {
        "quiet": false,
        "reportFilename": "mochawesome",
        "saveHtml": false,
        "saveJson": true,
        "consoleReporter": "spec",
        "useInlineDiffs": false,
        "code": true
      },
      "version": "7.1.3"
    },
    "marge": {
      "options": {
        "reportDir": "cypress/results",
        "overwrite": "false",
        "html": "false",
        "json": "true"
      },
      "version": "6.2.0"
    }
  }
}