{
  "stats": {
    "suites": 3,
    "tests": 3,
    "passes": 3,
    "pending": 0,
    "failures": 0,
    "start": "2022-05-05T20:23:02.841Z",
    "end": "2022-05-05T20:23:54.643Z",
    "duration": 51802,
    "testsRegistered": 3,
    "passPercent": 100,
    "pendingPercent": 0,
    "other": 0,
    "hasOther": false,
    "skipped": 0,
    "hasSkipped": false
  },
  "results": [
    {
      "uuid": "1c205e83-fa3e-47f7-9c36-c9aa5a420784",
      "title": "",
      "fullFile": "cypress/integration/LoginTest.js",
      "file": "cypress/integration/LoginTest.js",
      "beforeHooks": [],
      "afterHooks": [],
      "tests": [],
      "suites": [
        {
          "uuid": "5fd6381d-4fc8-4928-a28a-13378ec75c5f",
          "title": "login page",
          "fullFile": "",
          "file": "",
          "beforeHooks": [],
          "afterHooks": [],
          "tests": [],
          "suites": [
            {
              "uuid": "c785f1c4-5e6f-4546-ad8e-7a4ac1b364a5",
              "title": "Login validation fields",
              "fullFile": "",
              "file": "",
              "beforeHooks": [],
              "afterHooks": [],
              "tests": [
                {
                  "title": "PHP-101 - Navigate to the login page and make sure all required elements are visible",
                  "fullTitle": "login page Login validation fields PHP-101 - Navigate to the login page and make sure all required elements are visible",
                  "timedOut": null,
                  "duration": 7067,
                  "state": "passed",
                  "speed": "medium",
                  "pass": true,
                  "fail": false,
                  "pending": false,
                  "context": null,
                  "code": "//Making sure all login page elements are visible\ncy.get(\"#cookie_stop\").click();\ncy.get(\"@emailInput\").should(\"be.visible\").type(\"A\", {\n  force: true\n});\ncy.get(\"@passwordInput\").should(\"be.visible\").type(\"A\", {\n  force: true\n});\ncy.url().should(\"contain\", \"/login\");\ncy.get(\"@remember\").should(\"exist\");\ncy.get(\".font-size-14\").should(\"contain\", \"Please enter your account credentials below\");\ncy.get(\"@forgotPassword\").should(\"be.visible\");\ncy.screenshot({\n  overwrite: true,\n  capture: \"runner\",\n  path: \"/Sanel/Desktop/FlightsPage.js/screenshots/Login1.png\"\n}\n/*         \"./actions/login/Login\"\n */\n);\n/*  cy.contains(\"Remember me?\").should(\"be.visible\");\ncy.get(\"@loginSubmit\").should(\"be.visible\");\ncy.get(\"@registerAccount\").should(\"be.visible\"); */",
                  "err": {},
                  "uuid": "f94f26aa-eb43-4e9e-94c2-434fd6be4b76",
                  "parentUUID": "c785f1c4-5e6f-4546-ad8e-7a4ac1b364a5",
                  "isHook": false,
                  "skipped": false
                }
              ],
              "suites": [],
              "passes": [
                "f94f26aa-eb43-4e9e-94c2-434fd6be4b76"
              ],
              "failures": [],
              "pending": [],
              "skipped": [],
              "duration": 7067,
              "root": false,
              "rootEmpty": false,
              "_timeout": 2000
            },
            {
              "uuid": "682cdfab-43b9-499e-b349-2ffe5336d1d4",
              "title": "Login options",
              "fullFile": "",
              "file": "",
              "beforeHooks": [],
              "afterHooks": [],
              "tests": [
                {
                  "title": "PHP-102 - Login with valid username and password",
                  "fullTitle": "login page Login options PHP-102 - Login with valid username and password",
                  "timedOut": null,
                  "duration": 11249,
                  "state": "passed",
                  "speed": "slow",
                  "pass": true,
                  "fail": false,
                  "pending": false,
                  "context": null,
                  "code": "cy.loginPage(user, password);\ncy.get(\"#cookie_stop\").click(); //cy.get(\"#logOut\").should(\"be.visible\");\ncy.screenshot({\n  overwrite: true,\n  capture: \"runner\",\n  path: \"/Sanel/Desktop/FlightsPage.js/screenshots/Login2.png\"\n}\n/*         \"./actions/login/Login\"\n */\n);\n/*  cy.get(\"p\")\n.contains(\"Logged in. Redirecting you now...\")\n.should(\"be.visible\");\n      cy.url().should(\"contain\", \"/login/failed\");\ncy.url().should(\"contain\", \"/account/dashboard\");\ncy.get(\"#logOut\").should(\"be.visible\"); */",
                  "err": {},
                  "uuid": "9e42c919-cf7f-444b-b3ea-192f5989c8c1",
                  "parentUUID": "682cdfab-43b9-499e-b349-2ffe5336d1d4",
                  "isHook": false,
                  "skipped": false
                },
                {
                  "title": "PHP-103 - Sign Up to a page",
                  "fullTitle": "login page Login options PHP-103 - Sign Up to a page",
                  "timedOut": null,
                  "duration": 30457,
                  "state": "passed",
                  "speed": "slow",
                  "pass": true,
                  "fail": false,
                  "pending": false,
                  "context": null,
                  "code": "cy.loginPage(user, password);\ncy.get(\"#cookie_stop\").click();\ncy.get(\"#fadein > div.container > div > div.modal-content.col.align-self-center > div.modal-body > div > form > div.btn-box.pt-3.pb-4 > div > div > a > span.ladda-label\").click({\n  force: true\n});\ncy.signupPage(firstName, lastName, email, phone, password);\ncy.screenshot({\n  capture: \"runner\",\n  overwrite: true\n}, \"./actions/signup/SignUp\");\ncy.wait(2000);\ncy.get(\"@emailInput\").clear({\n  force: true\n});\ncy.get(\"@passwordInput\").clear({\n  force: true\n});\ncy.wait(2000);\ncy.get(\"@emailInput\").type(email, {\n  force: true\n});\ncy.get(\"@passwordInput\").type(password, {\n  force: true\n});\ncy.clearCookies();\ncy.wait(2000);\ncy.clearCookies();\ncy.get(\"@loginSubmit\").click({\n  force: true\n});\ncy.screenshot({\n  overwrite: true,\n  capture: \"runner\",\n  path: \"/Sanel/Desktop/FlightsPage.js/screenshots/Login3.png\"\n}\n/*         \"./actions/login/Login\"\n */\n);",
                  "err": {},
                  "uuid": "795c991b-4d1a-41ad-a021-be8e505cb402",
                  "parentUUID": "682cdfab-43b9-499e-b349-2ffe5336d1d4",
                  "isHook": false,
                  "skipped": false
                }
              ],
              "suites": [],
              "passes": [
                "9e42c919-cf7f-444b-b3ea-192f5989c8c1",
                "795c991b-4d1a-41ad-a021-be8e505cb402"
              ],
              "failures": [],
              "pending": [],
              "skipped": [],
              "duration": 41706,
              "root": false,
              "rootEmpty": false,
              "_timeout": 2000
            }
          ],
          "passes": [],
          "failures": [],
          "pending": [],
          "skipped": [],
          "duration": 0,
          "root": false,
          "rootEmpty": false,
          "_timeout": 2000
        }
      ],
      "passes": [],
      "failures": [],
      "pending": [],
      "skipped": [],
      "duration": 0,
      "root": true,
      "rootEmpty": true,
      "_timeout": 2000
    }
  ],
  "meta": {
    "mocha": {
      "version": "7.0.1"
    },
    "mochawesome": {
      "options": {
        "quiet": false,
        "reportFilename": "mochawesome",
        "saveHtml": false,
        "saveJson": true,
        "consoleReporter": "spec",
        "useInlineDiffs": false,
        "code": true
      },
      "version": "7.1.3"
    },
    "marge": {
      "options": {
        "reportDir": "cypress/results",
        "overwrite": "false",
        "html": "false",
        "json": "true"
      },
      "version": "6.2.0"
    }
  }
}